C51 COMPILER V9.50a   BEEP                                                                 01/01/2013 02:15:51 PAGE 1   


C51 COMPILER V9.50a, COMPILATION OF MODULE BEEP
OBJECT MODULE PLACED IN .\Obj\beep.obj
COMPILER INVOKED BY: C:\Keil_v5\C51\BIN\C51.EXE App\beep\beep.c OPTIMIZE(8,SPEED) BROWSE INCDIR(.\App\24c02;.\App\iic;.\
                    -App\key;.\App\smg;.\Public;.\App\ds18b20;.\App\ds1302;.\App\lcd1602;.\App\beep) DEBUG OBJECTEXTEND PRINT(.\Obj\beep.lst)
                    - TABS(2) OBJECT(.\Obj\beep.obj)

line level    source

   1          #include "beep.h"
   2          #include "intrins.h"
   3          sbit speaker=P1^5; 
   4          unsigned char timer0h,timer0l,time=1;
   5          
   6          code unsigned char dzl[]={
   7            111,112,111,113,112,111,114,113,125,
   8            0
   9          };
  10          
  11          code unsigned char wait1[]={
  12            143,
  13            0 
  14          };
  15          
  16          unsigned int  code FreTab[28]  = {
  17            3517,3134,2792,2633,2351,2094,1865,
  18            1758,1566,1395,1319,1175,1046,932 ,
  19            880 ,785 ,699 ,660 ,587 ,523 ,466 ,
  20            440 ,392 ,349 ,329 ,293 ,261 ,233 ,  
  21          };
  22          
  23          void t0int() interrupt 1
  24          {
  25   1        speaker=!speaker;
  26   1        TH0=timer0h;
  27   1        TL0=timer0l;
  28   1      }
  29          
  30          //  节奏的快慢，这里是半个节拍的时间
  31          void delay(unsigned char t)
  32          {
  33   1        unsigned long t2;
  34   1        for(;t>0;t--)
  35   1        {
  36   2          for(t2=0;t2<5000;t2++){;}
  37   2        }
  38   1        TR0=0;// 停止发音 如果屏蔽掉，会出现连音的不正常现象
  39   1      }
  40          /**/
  41          void song(unsigned char gyz[])
  42          {
  43   1        unsigned char k=0;
  44   1        unsigned long i=0;  //  由于歌词长度问题，需要设置大一点的范围，否则还没唱完一遍又重新开始了
  45   1        // 这里这样做就只唱一遍，寻到最后的0值时就停止了
  46   1        while(time) 
  47   1        {
  48   2          if(gyz[i]%10==0)   // 音调为0值时停顿处理
  49   2          {
  50   3            TR0=0;    // 停止发音
  51   3          }
  52   2          else
  53   2          {
C51 COMPILER V9.50a   BEEP                                                                 01/01/2013 02:15:51 PAGE 2   

  54   3            k=gyz[i]%10+7*(gyz[i]/100+1)-1;
  55   3            timer0h=(65535-FreTab[k])/256;
  56   3            timer0l=(65535-FreTab[k])%256;
  57   3            TR0=1;    // 启动T0输出方波去发音
  58   3          }
  59   2          time=gyz[i]/10%10;
  60   2          i=i+1;
  61   2          
  62   2          delay(time);
  63   2        }
  64   1      }
  65          
  66          void dzl_song()
  67          {
  68   1        time = 1;
  69   1        song(dzl);
  70   1      }
  71          
  72          void wait1_song()
  73          {
  74   1        time = 1;
  75   1        song(wait1);
  76   1      }


MODULE INFORMATION:   STATIC OVERLAYABLE
   CODE SIZE        =    339    ----
   CONSTANT SIZE    =     68    ----
   XDATA SIZE       =   ----    ----
   PDATA SIZE       =   ----    ----
   DATA SIZE        =      3      13
   IDATA SIZE       =   ----    ----
   BIT SIZE         =   ----    ----
END OF MODULE INFORMATION.


C51 COMPILATION COMPLETE.  0 WARNING(S),  0 ERROR(S)
