C51 COMPILER V9.50a   DS1302                                                               01/01/2013 05:38:15 PAGE 1   


C51 COMPILER V9.50a, COMPILATION OF MODULE DS1302
OBJECT MODULE PLACED IN .\Obj\ds1302.obj
COMPILER INVOKED BY: C:\Keil_v5\C51\BIN\C51.EXE App\ds1302\ds1302.c OPTIMIZE(8,SPEED) BROWSE INCDIR(.\App\24c02;.\App\ii
                    -c;.\App\key;.\App\smg;.\Public;.\App\ds18b20;.\App\ds1302;.\App\lcd1602;.\App\beep) DEBUG OBJECTEXTEND PRINT(.\Obj\ds130
                    -2.lst) TABS(2) OBJECT(.\Obj\ds1302.obj)

line level    source

   1          #include "ds1302.h"
   2          #include "intrins.h"
   3          
   4          //---DS1302写入和读取时分秒的地址命令---//
   5          //---秒分时日月周年 最低位读写位;-------//
   6          u8 gREAD_RTC_ADDR[7] = {0x81, 0x83, 0x85, 0x87, 0x89, 0x8b, 0x8d};
   7          u8 gWRITE_RTC_ADDR[7] = {0x80, 0x82, 0x84, 0x86, 0x88, 0x8a, 0x8c};
   8          
   9          //---DS1302时钟初始化2021年5月20日星期四13点51分47秒。---//
  10          //---存储顺序是秒分时日月周年,存储格式是用BCD码---//
  11          u8 gDS1302_TIME[7] = {0x57, 0x29, 0x06, 0x20, 0x23, 0x05, 0x20};
  12          
  13          /*******************************************************************************
  14          * 函 数 名       : ds1302_write_byte
  15          * 函数功能     : DS1302写单字节
  16          * 输    入       : addr：地址/命令
  17                     dat：数据
  18          * 输    出       : 无
  19          *******************************************************************************/
  20          void ds1302_write_byte(u8 addr,u8 dat)
  21          {
  22   1        u8 i=0;
  23   1        
  24   1        DS1302_RST=0;
  25   1        _nop_();  
  26   1        DS1302_CLK=0;//CLK低电平
  27   1        _nop_();
  28   1        DS1302_RST=1;//RST由低到高变化
  29   1        _nop_();
  30   1      
  31   1        for(i=0;i<8;i++)//循环8次，每次写1位，先写低位再写高位
  32   1        {
  33   2          DS1302_IO=addr&0x01;
  34   2          addr>>=1;
  35   2          DS1302_CLK=1;
  36   2          _nop_();
  37   2          DS1302_CLK=0;//CLK由低到高产生一个上升沿，从而写入数据
  38   2          _nop_();    
  39   2        }
  40   1        for(i=0;i<8;i++)//循环8次，每次写1位，先写低位再写高位
  41   1        {
  42   2          DS1302_IO=dat&0x01;
  43   2          dat>>=1;
  44   2          DS1302_CLK=1;
  45   2          _nop_();
  46   2          DS1302_CLK=0;
  47   2          _nop_();    
  48   2        }
  49   1        DS1302_RST=0;//RST拉低
  50   1        _nop_();  
  51   1      }
  52          
  53          /*******************************************************************************
C51 COMPILER V9.50a   DS1302                                                               01/01/2013 05:38:15 PAGE 2   

  54          * 函 数 名       : ds1302_read_byte
  55          * 函数功能     : DS1302读单字节
  56          * 输    入       : addr：地址/命令
  57          * 输    出       : 读取的数据
  58          *******************************************************************************/
  59          u8 ds1302_read_byte(u8 addr)
  60          {
  61   1        u8 i=0;
  62   1        u8 temp=0;
  63   1        u8 value=0;
  64   1      
  65   1        DS1302_RST=0;
  66   1        _nop_();  
  67   1        DS1302_CLK=0;//CLK低电平
  68   1        _nop_();
  69   1        DS1302_RST=1;//RST由低到高变化
  70   1        _nop_();
  71   1        
  72   1        for(i=0;i<8;i++)//循环8次，每次写1位，先写低位再写高位
  73   1        {
  74   2          DS1302_IO=addr&0x01;
  75   2          addr>>=1; 
  76   2          DS1302_CLK=1;
  77   2          _nop_();
  78   2          DS1302_CLK=0;//CLK由低到高产生一个上升沿，从而写入数据
  79   2          _nop_();    
  80   2        }
  81   1        for(i=0;i<8;i++)//循环8次，每次读1位，先读低位再读高位
  82   1        {
  83   2          temp=DS1302_IO;
  84   2          value=(temp<<7)|(value>>1);//先将value右移1位，然后temp左移7位，最后或运算
  85   2          DS1302_CLK=1;
  86   2          _nop_();
  87   2          DS1302_CLK=0;
  88   2          _nop_();    
  89   2        }
  90   1        DS1302_RST=0;//RST拉低
  91   1        _nop_();  
  92   1        DS1302_CLK=1;//对于实物中，P3.4口没有外接上拉电阻的，此处代码需要添加，使数据口有一个上升沿脉冲。
  93   1        _nop_();
  94   1        DS1302_IO = 0;
  95   1        _nop_();
  96   1        DS1302_IO = 1;
  97   1        _nop_();  
  98   1        DS1302_RST=1;//RST拉低
  99   1        return value;   
 100   1      }
 101          
 102          /*******************************************************************************
 103          * 函 数 名       : ds1302_init
 104          * 函数功能     : DS1302初始化时间
 105          * 输    入       : 无
 106          * 输    出       : 无
 107          *******************************************************************************/
 108          void ds1302_init(void)
 109          {
 110   1        u8 i=0;
 111   1        ds1302_write_byte(0x8E,0X00);
 112   1        for(i=0;i<7;i++)
 113   1        {
 114   2          ds1302_write_byte(gWRITE_RTC_ADDR[i],gDS1302_TIME[i]);  
 115   2        }
C51 COMPILER V9.50a   DS1302                                                               01/01/2013 05:38:15 PAGE 3   

 116   1        ds1302_write_byte(0x8E,0X80); 
 117   1      }
 118          
 119          /*******************************************************************************
 120          * 函 数 名       : ds1302_read_time
 121          * 函数功能     : DS1302读取时间
 122          * 输    入       : 无
 123          * 输    出       : 无
 124          *******************************************************************************/
 125          void ds1302_read_time(void)
 126          {
 127   1        u8 i=0;
 128   1        for(i=0;i<7;i++)
 129   1        {
 130   2          gDS1302_TIME[i]=ds1302_read_byte(gREAD_RTC_ADDR[i]);  
 131   2        } 
 132   1      }


MODULE INFORMATION:   STATIC OVERLAYABLE
   CODE SIZE        =    186    ----
   CONSTANT SIZE    =   ----    ----
   XDATA SIZE       =   ----    ----
   PDATA SIZE       =   ----    ----
   DATA SIZE        =     21    ----
   IDATA SIZE       =   ----    ----
   BIT SIZE         =   ----    ----
END OF MODULE INFORMATION.


C51 COMPILATION COMPLETE.  0 WARNING(S),  0 ERROR(S)
