C51 COMPILER V9.50a   MAIN                                                                 01/01/2013 06:10:02 PAGE 1   


C51 COMPILER V9.50a, COMPILATION OF MODULE MAIN
OBJECT MODULE PLACED IN .\Obj\main.obj
COMPILER INVOKED BY: C:\Keil_v5\C51\BIN\C51.EXE User\main.c OPTIMIZE(8,SPEED) BROWSE INCDIR(.\App\24c02;.\App\iic;.\App\
                    -key;.\App\smg;.\Public;.\App\ds18b20;.\App\ds1302;.\App\lcd1602;.\App\beep) DEBUG OBJECTEXTEND PRINT(.\Obj\main.lst) TAB
                    -S(2) OBJECT(.\Obj\main.obj)

line level    source

   1          #include "public.h"
   2          #include "ds1302.h"
   3          #include "lcd1602.h"
   4          #include "ds18b20.h"
   5          #include "beep.h"
   6          /*******************************************************************************
   7           * 函 数 名       : main
   8           * 函数功能    : 主函数
   9           * 输    入       : 无
  10           * 输    出      : 无
  11           *******************************************************************************/
  12          
  13          u8 id[5];
  14          u8 bs[5],bf[5],wt[5];
  15          u8 next[10];
  16          u8 next1[6];
  17          u8 next2[6];
  18          
  19          bus_init()
  20          {
  21   1        id[1]=0x01;
  22   1        bs[1]=0X06;
  23   1        bf[1]=0X30;
  24   1        wt[1]=0X20;
  25   1        
  26   1        id[2]=0x02;
  27   1        bs[2]=0X06;
  28   1        bf[2]=0X40;
  29   1        wt[2]=0X40;
  30   1        
  31   1        id[3]=0x03;
  32   1        bs[3]=0X07;
  33   1        bf[3]=0X30;
  34   1        wt[3]=0X30;
  35   1        
  36   1        id[4]=0x04;
  37   1        bs[4]=0X08;
  38   1        bf[4]=0X00;
  39   1        wt[4]=0X30;
  40   1      }
  41          
  42          void js()
  43          {
  44   1        int i=1;
  45   1        u8 did=id[i];
  46   1        int min=bs[i]/16*1000+bs[i]%16*100+bf[i]/16*10+bf[i]%16;
  47   1        next[0]=id[i]%16+'0';
  48   1        next[1]=' ';
  49   1        next[2]=bs[i]/16+'0';
  50   1        next[3]=bs[i]%16+'0';
  51   1        next[4]=':';
  52   1        next[5]=bf[i]/16+'0';
  53   1        next[6]=bf[i]%16+'0';
C51 COMPILER V9.50a   MAIN                                                                 01/01/2013 06:10:02 PAGE 2   

  54   1        next[7]='\0';
  55   1        
  56   1        for(i=2;i<=4;i++)
  57   1        {
  58   2          if(min>bs[i]/16*1000+bs[i]%16*100+bf[i]/16*10+bf[i]%16)
  59   2          {
  60   3            min=bs[i]/16*1000+bs[i]%16*100+bf[i]/16*10+bf[i]%16;
  61   3            next[0]=id[i]%16+'0';
  62   3            next[1]=' ';
  63   3            next[2]=bs[i]/16+'0';
  64   3            next[3]=bs[i]%16+'0';
  65   3            next[4]=':';
  66   3            next[5]=bf[i]/16+'0';
  67   3            next[6]=bf[i]%16+'0';
  68   3            next[7]='\0';
  69   3          }
  70   2        }
  71   1      }
  72          
  73          void main()
  74          {
  75   1        u8 time_buf[15];
  76   1        u8 flag1=1,flag2=1;
  77   1        
  78   1        int temp_value;
  79   1        u8 temp_buf[6];
  80   1        
  81   1        ds1302_init();//初始化DS1302
  82   1        lcd1602_init();//LCD1602初始化
  83   1        ds18b20_init();//初始化DS18B20
  84   1        bus_init();
  85   1        
  86   1        while(1)
  87   1        {
  88   2          ds1302_read_time();
  89   2          if(gDS1302_TIME[2]==0x23 && gDS1302_TIME[1]==0x59) bus_init();
  90   2          flag1=gDS1302_TIME[0]/16;
  91   2          if(flag1!=flag2)
  92   2          {
  93   3            flag2=flag1;
  94   3            lcd1602_clear();
  95   3          }
  96   2          
  97   2          if(bs[1]==gDS1302_TIME[2] && bf[1]==gDS1302_TIME[1]) //K1到站
  98   2          {
  99   3            lcd1602_clear();
 100   3            lcd1602_show_string(0,0,"K1 arrive soon!");
 101   3            lcd1602_show_string(0,1,"countdown:00:05");
 102   3            
 103   3            TMOD=1;
 104   3            EA=1;ET0=1;
 105   3            wait1_song();
*** WARNING C206 IN LINE 105 OF User\main.c: 'wait1_song': missing function-prototype
 106   3            lcd1602_show_string(0,1,"countdown:00:04");
 107   3            
 108   3            TMOD=1;
 109   3            EA=1;ET0=1;
 110   3            wait1_song();
 111   3            lcd1602_show_string(0,1,"countdown:00:03");
 112   3            
 113   3            TMOD=1;
 114   3            EA=1;ET0=1;
C51 COMPILER V9.50a   MAIN                                                                 01/01/2013 06:10:02 PAGE 3   

 115   3            wait1_song();
 116   3            lcd1602_show_string(0,1,"countdown:00:02");
 117   3            
 118   3            TMOD=1;
 119   3            EA=1;ET0=1;
 120   3            wait1_song();
 121   3            lcd1602_show_string(0,1,"countdown:00:01");
 122   3            
 123   3            TMOD=1;
 124   3            EA=1;ET0=1;
 125   3            wait1_song();
 126   3            
 127   3            lcd1602_clear();
 128   3            lcd1602_show_string(0,0,"K1 arrive!");
 129   3            lcd1602_show_string(0,1,"K1 arrive!");
 130   3            delay_ms(1000);
 131   3            TMOD=1;   // 设置定时器0为16位计数模式 
 132   3            EA=1;ET0=1;
 133   3            dzl_song();
 134   3            if(bf[1]%16+wt[1]%16>=10) bf[1]+=6;
 135   3            bf[1]+=wt[1];
 136   3            if(bf[1]/16>=6)
 137   3            {
 138   4              bs[1]++;
 139   4              bf[1]-=0x60;
 140   4            }
 141   3          }
 142   2          else if(bs[2]==gDS1302_TIME[2] && bf[2]==gDS1302_TIME[1]) //K2到站
 143   2          {
 144   3            lcd1602_clear();
 145   3            lcd1602_show_string(0,0,"K2 arrive soon!");
 146   3            lcd1602_show_string(0,1,"countdown:00:05");
 147   3            
 148   3            TMOD=1;
 149   3            EA=1;ET0=1;
 150   3            wait1_song();
 151   3            
 152   3            lcd1602_show_string(0,1,"countdown:00:04");
 153   3            
 154   3            TMOD=1;
 155   3            EA=1;ET0=1;
 156   3            wait1_song();
 157   3            
 158   3            lcd1602_show_string(0,1,"countdown:00:03");
 159   3            
 160   3            TMOD=1;
 161   3            EA=1;ET0=1;
 162   3            wait1_song();
 163   3            
 164   3            lcd1602_show_string(0,1,"countdown:00:02");
 165   3            
 166   3            TMOD=1;
 167   3            EA=1;ET0=1;
 168   3            wait1_song();
 169   3            
 170   3            lcd1602_show_string(0,1,"countdown:00:01");
 171   3            
 172   3            TMOD=1;
 173   3            EA=1;ET0=1;
 174   3            wait2_song();
*** WARNING C206 IN LINE 174 OF User\main.c: 'wait2_song': missing function-prototype
 175   3            
C51 COMPILER V9.50a   MAIN                                                                 01/01/2013 06:10:02 PAGE 4   

 176   3            lcd1602_clear();
 177   3            lcd1602_show_string(0,0,"K2 arrive!");
 178   3            lcd1602_show_string(0,1,"K2 arrive!");
 179   3            TMOD=1;   // 设置定时器0为16位计数模式
 180   3            EA=1;ET0=1;
 181   3            dzl_song();
 182   3            
 183   3            if(bf[2]%16+wt[2]%16>=10) bf[2]+=6;
 184   3            bf[2]+=wt[2];
 185   3            if(bf[2]/16>=6)
 186   3            {
 187   4              bs[2]++;
 188   4              bf[2]-=0x60;
 189   4            }
 190   3          }
 191   2          else if(bs[3]==gDS1302_TIME[2] && bf[3]==gDS1302_TIME[1]) //K3到站
 192   2          {
 193   3            lcd1602_clear();
 194   3            lcd1602_show_string(0,0,"K3 arrive soon!");
 195   3            lcd1602_show_string(0,1,"countdown:00:05");
 196   3            
 197   3            TMOD=1;
 198   3            EA=1;ET0=1;
 199   3            wait1_song();
 200   3            
 201   3            lcd1602_show_string(0,1,"countdown:00:04");
 202   3            
 203   3            TMOD=1;
 204   3            EA=1;ET0=1;
 205   3            wait1_song();
 206   3            
 207   3            lcd1602_show_string(0,1,"countdown:00:03");
 208   3            
 209   3            TMOD=1;
 210   3            EA=1;ET0=1;
 211   3            wait1_song();
 212   3            
 213   3            lcd1602_show_string(0,1,"countdown:00:02");
 214   3            
 215   3            TMOD=1;
 216   3            EA=1;ET0=1;
 217   3            wait1_song();
 218   3            
 219   3            lcd1602_show_string(0,1,"countdown:00:01");
 220   3            
 221   3            TMOD=1;
 222   3            EA=1;ET0=1;
 223   3            wait2_song();
 224   3            
 225   3            lcd1602_clear();
 226   3            lcd1602_show_string(0,0,"K3 arrive!");
 227   3            lcd1602_show_string(0,1,"K3 arrive!");
 228   3            TMOD=1;   // 设置定时器0为16位计数模式
 229   3            EA=1;ET0=1;
 230   3            dzl_song();
 231   3            
 232   3            if(bf[3]%16+wt[3]%16>=10) bf[3]+=6;
 233   3            bf[3]+=wt[3];
 234   3            if(bf[3]/16>=6)
 235   3            {
 236   4              bs[3]++;
 237   4              bf[3]-=0x60;
C51 COMPILER V9.50a   MAIN                                                                 01/01/2013 06:10:02 PAGE 5   

 238   4            }
 239   3          }
 240   2          else if(bs[4]==gDS1302_TIME[2] && bf[4]==gDS1302_TIME[1]) //K3到站
 241   2          {
 242   3            lcd1602_clear();
 243   3            lcd1602_show_string(0,0,"K4 arrive soon!");
 244   3            lcd1602_show_string(0,1,"countdown:00:05");
 245   3            
 246   3            TMOD=1;
 247   3            EA=1;ET0=1;
 248   3            wait1_song();
 249   3            
 250   3            lcd1602_show_string(0,1,"countdown:00:04");
 251   3            
 252   3            TMOD=1;
 253   3            EA=1;ET0=1;
 254   3            wait1_song();
 255   3            
 256   3            lcd1602_show_string(0,1,"countdown:00:03");
 257   3            
 258   3            TMOD=1;
 259   3            EA=1;ET0=1;
 260   3            wait1_song();
 261   3            
 262   3            lcd1602_show_string(0,1,"countdown:00:02");
 263   3            
 264   3            TMOD=1;
 265   3            EA=1;ET0=1;
 266   3            wait1_song();
 267   3            
 268   3            lcd1602_show_string(0,1,"countdown:00:01");
 269   3            
 270   3            TMOD=1;
 271   3            EA=1;ET0=1;
 272   3            wait2_song();
 273   3            
 274   3            lcd1602_clear();
 275   3            lcd1602_show_string(0,0,"K4 arrive!");
 276   3            lcd1602_show_string(0,1,"K4 arrive!");
 277   3            TMOD=1;   // 设置定时器0为16位计数模式
 278   3            EA=1;ET0=1;
 279   3            dzl_song();
 280   3            
 281   3            if(bf[4]%16+wt[4]%16>=10) bf[4]+=6;
 282   3            bf[4]+=wt[4];
 283   3            if(bf[4]/16>=6)
 284   3            {
 285   4              bs[4]++;
 286   4              bf[4]-=0x60;
 287   4            }
 288   3          }
 289   2          if(flag1==0||flag1==4)
 290   2          {
 291   3            lcd1602_show_string(0,0,"Bus-Stop-Board");//第一行显示
 292   3            
 293   3            time_buf[0]=gDS1302_TIME[2]/16+'0';
 294   3            time_buf[1]=gDS1302_TIME[2]%16+'0';
 295   3            time_buf[2]=':';
 296   3            time_buf[3]=gDS1302_TIME[1]/16+'0';
 297   3            time_buf[4]=gDS1302_TIME[1]%16+'0';
 298   3            time_buf[5]=':';
 299   3            time_buf[6]=gDS1302_TIME[0]/16+'0';
C51 COMPILER V9.50a   MAIN                                                                 01/01/2013 06:10:02 PAGE 6   

 300   3            time_buf[7]=gDS1302_TIME[0]%16+'0';
 301   3            time_buf[8]='\0';
 302   3            lcd1602_show_string(0,1,time_buf);//第二行显示
 303   3            
 304   3            lcd1602_show_string(9,1,"T:");
 305   3            
 306   3            temp_value=ds18b20_read_temperture()*10;//保留温度值小数后一位
 307   3            if(temp_value<0)
 308   3            {
 309   4              temp_value=-temp_value;
 310   4              lcd1602_show_string(10,1,"-");
 311   4            }
 312   3            temp_buf[0]=temp_value%1000/100+'0';//十位
 313   3            temp_buf[1]=temp_value%1000%100/10+'0';//个位+小数点
 314   3            temp_buf[2]='.';
 315   3            temp_buf[3]=temp_value%1000%100%10+'0';//小数点后一位
 316   3            temp_buf[4]='C';
 317   3            temp_buf[5]='\0';
 318   3            lcd1602_show_string(11,1,temp_buf);
 319   3          }
 320   2          else if(flag1==1||flag1==5)
 321   2          {
 322   3            js();
 323   3            lcd1602_show_string(0,0,"NextBus:K");
 324   3            lcd1602_show_string(9,0,next);
 325   3            
 326   3          }
 327   2          else if(flag1==2)
 328   2          {
 329   3            lcd1602_show_string(0,0,"Next K1 : ");
 330   3            next1[0]=bs[1]/16+'0';
 331   3            next1[1]=bs[1]%16+'0';
 332   3            next1[2]=':';
 333   3            next1[3]=bf[1]/16+'0';
 334   3            next1[4]=bf[1]%16+'0';
 335   3            next1[5]='\0';
 336   3            lcd1602_show_string(10,0,next1);
 337   3            
 338   3            lcd1602_show_string(0,1,"Next K2 : ");
 339   3            next2[0]=bs[2]/16+'0';
 340   3            next2[1]=bs[2]%16+'0';
 341   3            next2[2]=':';
 342   3            next2[3]=bf[2]/16+'0';
 343   3            next2[4]=bf[2]%16+'0';
 344   3            next2[5]='\0';
 345   3            lcd1602_show_string(10,1,next2);
 346   3          }
 347   2          else if(flag1==3)
 348   2          {
 349   3            lcd1602_show_string(0,0,"Next K3 : ");
 350   3            next1[0]=bs[3]/16+'0';
 351   3            next1[1]=bs[3]%16+'0';
 352   3            next1[2]=':';
 353   3            next1[3]=bf[3]/16+'0';
 354   3            next1[4]=bf[3]%16+'0';
 355   3            next1[5]='\0';
 356   3            lcd1602_show_string(10,0,next1);
 357   3            
 358   3            lcd1602_show_string(0,1,"Next K4 : ");
 359   3            next2[0]=bs[4]/16+'0';
 360   3            next2[1]=bs[4]%16+'0';
 361   3            next2[2]=':';
C51 COMPILER V9.50a   MAIN                                                                 01/01/2013 06:10:02 PAGE 7   

 362   3            next2[3]=bf[4]/16+'0';
 363   3            next2[4]=bf[4]%16+'0';
 364   3            next2[5]='\0';
 365   3            lcd1602_show_string(10,1,next2);
 366   3          }
 367   2        }
 368   1      }
 369          
*** WARNING C290 IN LINE 40 OF User\main.c: missing return value


MODULE INFORMATION:   STATIC OVERLAYABLE
   CODE SIZE        =   2029    ----
   CONSTANT SIZE    =    262    ----
   XDATA SIZE       =   ----    ----
   PDATA SIZE       =   ----    ----
   DATA SIZE        =     42      28
   IDATA SIZE       =   ----    ----
   BIT SIZE         =   ----    ----
END OF MODULE INFORMATION.


C51 COMPILATION COMPLETE.  3 WARNING(S),  0 ERROR(S)
